2026-01-28 08:53:31 Loading main app package /opt/obsidian/resources/obsidian.asar
2026-01-28 08:53:31 Checking for update using Github
2026-01-28 08:53:31 Success.
2026-01-28 08:53:31 Latest version is 1.11.5
2026-01-28 08:53:31 App is up to date.
2026-01-28 09:53:30 Checking for update using Github
2026-01-28 09:53:30 Success.
2026-01-28 09:53:30 Latest version is 1.11.5
2026-01-28 09:53:30 App is up to date.
2026-01-28 10:53:30 Checking for update using Github
2026-01-28 10:53:30 Success.
2026-01-28 10:53:30 Latest version is 1.11.5
2026-01-28 10:53:30 App is up to date.
2026-01-28 11:23:50 Loading main app package /opt/obsidian/resources/obsidian.asar
2026-01-28 11:23:51 Checking for update using Github
2026-01-28 11:23:51 Success.
2026-01-28 11:23:51 Latest version is 1.11.5
2026-01-28 11:23:51 App is up to date.
2026-01-28 11:57:18 Loading main app package /opt/obsidian/resources/obsidian.asar
2026-01-28 11:57:18 Checking for update using Github
2026-01-28 11:57:19 Success.
2026-01-28 11:57:19 Latest version is 1.11.5
2026-01-28 11:57:19 App is up to date.
2026-01-28 12:57:18 Checking for update using Github
2026-01-28 12:57:18 Success.
2026-01-28 12:57:18 Latest version is 1.11.5
2026-01-28 12:57:18 App is up to date.
2026-01-28 13:57:18 Checking for update using Github
2026-01-28 13:57:18 Success.
2026-01-28 13:57:18 Latest version is 1.11.5
2026-01-28 13:57:18 App is up to date.
2026-01-28 14:57:17 Checking for update using Github
2026-01-28 14:57:18 Success.
2026-01-28 14:57:18 Latest version is 1.11.5
2026-01-28 14:57:18 App is up to date.
2026-01-28 15:57:17 Checking for update using Github
2026-01-28 15:57:17 Success.
2026-01-28 15:57:17 Latest version is 1.11.5
2026-01-28 15:57:17 App is up to date.
2026-01-28 16:57:17 Checking for update using Github
2026-01-28 16:57:17 Success.
2026-01-28 16:57:17 Latest version is 1.11.5
2026-01-28 16:57:17 App is up to date.
2026-01-28 17:57:16 Checking for update using Github
2026-01-28 17:57:17 Success.
2026-01-28 17:57:17 Latest version is 1.11.5
2026-01-28 17:57:17 App is up to date.
2026-01-28 18:57:16 Checking for update using Github
2026-01-28 18:57:16 Success.
2026-01-28 18:57:16 Latest version is 1.11.5
2026-01-28 18:57:16 App is up to date.
2026-01-28 19:57:16 Checking for update using Github
2026-01-28 19:57:16 Success.
2026-01-28 19:57:16 Latest version is 1.11.5
2026-01-28 19:57:16 App is up to date.
2026-01-28 20:57:15 Checking for update using Github
2026-01-28 20:57:16 Success.
2026-01-28 20:57:16 Latest version is 1.11.5
2026-01-28 20:57:16 App is up to date.
2026-01-28 21:57:15 Checking for update using Github
2026-01-28 21:57:15 Success.
2026-01-28 21:57:15 Latest version is 1.11.5
2026-01-28 21:57:15 App is up to date.
2026-01-28 22:57:15 Checking for update using Github
2026-01-28 22:57:15 Success.
2026-01-28 22:57:15 Latest version is 1.11.5
2026-01-28 22:57:15 App is up to date.
2026-01-28 23:57:14 Checking for update using Github
2026-01-28 23:57:15 Success.
2026-01-28 23:57:15 Latest version is 1.11.5
2026-01-28 23:57:15 App is up to date.
